# Logfile created on 2018-02-28 15:36:21 -0300 by logger.rb/56438
I, [2018-02-28T15:39:04.532715 #83780]  INFO -- : POST /?orderId=123 for ::1
I, [2018-02-28T15:39:04.532953 #83780]  INFO -- : {
  "uu_id": 123,
  "uu_type": "Order",
  "attempts_count": 1,
  "status": "success",
  "target_url": "http://localhost:9494/order/123?foo=bar",
  "last_attempted_at": "2018-02-28T18:37:27Z"
}
I, [2018-02-28T15:39:27.505688 #83780]  INFO -- : POST /?orderId=123 for ::1
I, [2018-02-28T15:39:27.505817 #83780]  INFO -- : {
  "uu_id": 123,
  "uu_type": "Order",
  "attempts_count": 1,
  "status": "success",
  "target_url": "http://localhost:9494/order/123?foo=bar",
  "last_attempted_at": "2018-02-28T18:39:27Z"
}
I, [2018-02-28T15:39:45.699251 #83780]  INFO -- : POST /?orderId=123 for ::1
I, [2018-02-28T15:39:45.699415 #83780]  INFO -- : {
  "uu_id": 123,
  "uu_type": "Order",
  "attempts_count": 0,
  "status": "attempting",
  "target_url": "http://localhost:9494/order/123?foo=bar",
  "last_attempted_at": "2018-02-28T18:37:27Z"
}
I, [2018-02-28T15:40:08.886153 #83780]  INFO -- : POST /?orderId=123 for ::1
I, [2018-02-28T15:40:08.886281 #83780]  INFO -- : {
  "uu_id": 123,
  "uu_type": "Order",
  "attempts_count": 0,
  "status": "attempting",
  "target_url": "http://localhost:9494/order/123?foo=bar",
  "last_attempted_at": "2018-02-28T18:39:24Z"
}
I, [2018-02-28T15:40:31.591548 #83830]  INFO -- : POST /?orderId=123 for ::1
I, [2018-02-28T15:40:31.591760 #83830]  INFO -- : {"uu_id"=>123, "uu_type"=>"Order", "attempts_count"=>1, "status"=>"success", "target_url"=>"http://localhost:9494/order/123?foo=bar", "last_attempted_at"=>"2018-02-28T18:40:31Z"}
I, [2018-02-28T15:40:59.890518 #83830]  INFO -- : POST /?orderId=123 for ::1
I, [2018-02-28T15:40:59.890636 #83830]  INFO -- : {"uu_id"=>123, "uu_type"=>"Order", "attempts_count"=>0, "status"=>"attempting", "target_url"=>"http://localhost:9494/order/123?foo=bar", "last_attempted_at"=>"2018-02-28T18:40:24Z"}
I, [2018-02-28T15:41:13.854458 #83877]  INFO -- : POST /?orderId=123 for ::1
I, [2018-02-28T15:41:13.854698 #83877]  INFO -- : {"uu_id"=>123, "uu_type"=>"Order", "attempts_count"=>1, "status"=>"success", "target_url"=>"http://localhost:9494/order/123?foo=bar", "last_attempted_at"=>"2018-02-28T18:41:13Z"}
I, [2018-02-28T15:41:39.619450 #83877]  INFO -- : POST /?orderId=123 for ::1
I, [2018-02-28T15:41:39.619582 #83877]  INFO -- : {"uu_id"=>123, "uu_type"=>"Order", "attempts_count"=>0, "status"=>"attempting", "target_url"=>"http://localhost:9494/order/123?foo=bar", "last_attempted_at"=>"2018-02-28T18:41:08Z"}
I, [2018-02-28T15:44:01.984304 #83947]  INFO -- : POST /?orderId=123 for ::1
I, [2018-02-28T15:44:01.984553 #83947]  INFO -- : {"uu_id"=>123, "uu_type"=>"Order", "attempts_count"=>0, "status"=>"attempting", "target_url"=>"http://localhost:9494/order/123?foo=bar", "last_attempted_at"=>"2018-02-28T18:44:01Z"}
I, [2018-02-28T15:44:01.991669 #83947]  INFO -- : POST /?orderId=123 for ::1
I, [2018-02-28T15:44:01.991842 #83947]  INFO -- : {"uu_id"=>123, "uu_type"=>"Order", "attempts_count"=>1, "status"=>"success", "target_url"=>"http://localhost:9494/order/123?foo=bar", "last_attempted_at"=>"2018-02-28T18:44:01Z"}
I, [2018-02-28T15:53:59.835323 #84896]  INFO -- : GET / for ::1
I, [2018-02-28T15:54:00.428573 #84896]  INFO -- : GET /favicon.ico for ::1
